<?xml version="1.0" encoding="UTF-8"?>
<!-- Generated by org.testng.reporters.JUnitReportReporter -->
<testsuite hostname="LAPTOP-NUT15641" failures="0" tests="1" name="eNewProject.Flipkart" time="7.312" errors="0" timestamp="2023-09-02T19:12:16 IST" skipped="0">
  <testcase classname="eNewProject.Flipkart" name="flipkart" time="7.312"/>
  <system-out/>
</testsuite> <!-- eNewProject.Flipkart -->
