<?xml version="1.0" encoding="UTF-8"?>
<!-- Generated by org.testng.reporters.JUnitReportReporter -->
<testsuite hostname="LAPTOP-NUT15641" failures="0" tests="1" name="eNewProject.Amazon" time="7.017" errors="0" timestamp="2023-09-02T19:12:16 IST" skipped="0">
  <testcase classname="eNewProject.Amazon" name="test1" time="7.017"/>
  <system-out/>
</testsuite> <!-- eNewProject.Amazon -->
