<?xml version="1.0" encoding="UTF-8"?>
<!-- Generated by org.testng.reporters.JUnitReportReporter -->
<testsuite hostname="LAPTOP-NUT15641" failures="0" tests="1" name="eNewProject.Ajio" time="14.071" errors="0" timestamp="2023-09-02T19:12:16 IST" skipped="0">
  <testcase classname="eNewProject.Ajio" name="ajio" time="14.071"/>
  <system-out/>
</testsuite> <!-- eNewProject.Ajio -->
