<?xml version="1.0" encoding="UTF-8"?>
<!-- Generated by org.testng.reporters.JUnitReportReporter -->
<testsuite hostname="LAPTOP-NUT15641" failures="0" tests="1" name="eNewProject.firstcry" time="10.277" errors="0" timestamp="2023-09-02T19:12:16 IST" skipped="0">
  <testcase classname="eNewProject.firstcry" name="Firstcry" time="10.277"/>
  <system-out/>
</testsuite> <!-- eNewProject.firstcry -->
